<?xml version="1.0" encoding="UTF-8"?>
<testng-results ignored="0" total="1" passed="1" failed="0" skipped="0">
  <reporter-output>
  </reporter-output>
  <suite started-at="2022-06-30T09:25:50 IST" name="Default suite" finished-at="2022-06-30T09:25:56 IST" duration-ms="5514">
    <groups>
    </groups>
    <test started-at="2022-06-30T09:25:50 IST" name="Default test" finished-at="2022-06-30T09:25:56 IST" duration-ms="5514">
      <class name="Batch23.TC4_ValidateJsonResponse">
        <test-method signature="GetWeatherDetails()[pri:0, instance:Batch23.TC4_ValidateJsonResponse@14d3bc22]" started-at="2022-06-30T09:25:50 IST" name="GetWeatherDetails" finished-at="2022-06-30T09:25:56 IST" duration-ms="5410" status="PASS">
          <reporter-output>
          </reporter-output>
        </test-method> <!-- GetWeatherDetails -->
      </class> <!-- Batch23.TC4_ValidateJsonResponse -->
    </test> <!-- Default test -->
  </suite> <!-- Default suite -->
</testng-results>
