<?xml version="1.0" encoding="UTF-8"?>
<testng-results ignored="0" total="1" passed="1" failed="0" skipped="0">
  <reporter-output>
  </reporter-output>
  <suite started-at="2022-06-29T10:21:54 IST" name="Default suite" finished-at="2022-06-29T10:22:00 IST" duration-ms="6741">
    <groups>
    </groups>
    <test started-at="2022-06-29T10:21:54 IST" name="Default test" finished-at="2022-06-29T10:22:00 IST" duration-ms="6741">
      <class name="Batch23.TC2_POST_Request">
        <test-method signature="registerCustomer()[pri:0, instance:Batch23.TC2_POST_Request@14d3bc22]" started-at="2022-06-29T10:21:54 IST" name="registerCustomer" finished-at="2022-06-29T10:22:00 IST" duration-ms="6669" status="PASS">
          <reporter-output>
          </reporter-output>
        </test-method> <!-- registerCustomer -->
      </class> <!-- Batch23.TC2_POST_Request -->
    </test> <!-- Default test -->
  </suite> <!-- Default suite -->
</testng-results>
